<?xml version="1.0" encoding="UTF-8"?>
<!-- Generated by org.testng.reporters.JUnitReportReporter -->
<testsuite hostname="MANIBADRA" failures="0" tests="1" name="apps.Amazon" time="3.645" errors="0" timestamp="2024-03-29T21:39:00 IST" skipped="0">
  <testcase classname="apps.Amazon" name="amazon" time="3.645">
    <system-out>
      <![CDATA[amazon got open]]>
    </system-out>
  </testcase> <!-- amazon -->
  <system-out>
    <![CDATA[amazon got open]]>
  </system-out>
</testsuite> <!-- apps.Amazon -->
