<?xml version="1.0" encoding="UTF-8"?>
<!-- Generated by org.testng.reporters.JUnitReportReporter -->
<testsuite hostname="MANIBADRA" failures="0" tests="3" name="myOwnPraticeOfSelenium.AdvanceS" time="0.024" errors="0" timestamp="2024-07-05T09:42:38 IST" skipped="0">
  <testcase classname="myOwnPraticeOfSelenium.AdvanceS" name="TestCase3" time="0.015">
    <system-out>
      <![CDATA[Testcase3 got execute]]>
    </system-out>
  </testcase> <!-- TestCase3 -->
  <testcase classname="myOwnPraticeOfSelenium.AdvanceS" name="TestCase2" time="0.006">
    <system-out>
      <![CDATA[Testcase2 got execute]]>
    </system-out>
  </testcase> <!-- TestCase2 -->
  <testcase classname="myOwnPraticeOfSelenium.AdvanceS" name="TestCase1" time="0.003">
    <system-out>
      <![CDATA[Testcase1 got execute]]>
    </system-out>
  </testcase> <!-- TestCase1 -->
  <system-out>
    <![CDATA[Testcase3 got execute
Testcase1 got execute
Testcase2 got execute]]>
  </system-out>
</testsuite> <!-- myOwnPraticeOfSelenium.AdvanceS -->
