<?xml version="1.0" encoding="UTF-8"?>
<!-- Generated by org.testng.reporters.JUnitReportReporter -->
<testsuite hostname="MANIBADRA" failures="0" tests="1" name="bike.ToLunchRoyalInfield" time="17.932" errors="0" timestamp="2024-04-09T23:19:03 IST" skipped="0">
  <testcase classname="bike.ToLunchRoyalInfield" name="KTM" time="17.932">
    <system-out>
      <![CDATA[KTM got open]]>
    </system-out>
  </testcase> <!-- KTM -->
  <system-out>
    <![CDATA[KTM got open
hero got open]]>
  </system-out>
</testsuite> <!-- bike.ToLunchRoyalInfield -->
