<?xml version="1.0" encoding="UTF-8"?>
<!-- Generated by org.testng.reporters.JUnitReportReporter -->
<testsuite hostname="MANIBADRA" failures="0" tests="1" name="bike.ToLunchYamaha" time="16.149" errors="0" timestamp="2024-04-09T23:13:55 IST" skipped="0">
  <testcase classname="bike.ToLunchYamaha" name="Yamaha" time="16.149">
    <system-out>
      <![CDATA[Royal got open]]>
    </system-out>
  </testcase> <!-- Yamaha -->
  <system-out>
    <![CDATA[Kawasaki got open
Royal got open
KTM got open
KTM got open
hero got open]]>
  </system-out>
</testsuite> <!-- bike.ToLunchYamaha -->
