<?xml version="1.0" encoding="UTF-8"?>
<!-- Generated by org.testng.reporters.JUnitReportReporter -->
<testsuite hostname="MANIBADRA" failures="0" tests="3" name="myOwnPraticeOfSelenium.TestNG_PRIORITY" time="0.042" errors="0" timestamp="2024-04-14T20:57:27 IST" skipped="0">
  <testcase classname="myOwnPraticeOfSelenium.TestNG_PRIORITY" name="CreateAccount" time="0.020">
    <system-out>
      <![CDATA[account created]]>
    </system-out>
  </testcase> <!-- CreateAccount -->
  <testcase classname="myOwnPraticeOfSelenium.TestNG_PRIORITY" name="CreateAccount" time="0.020">
    <system-out>
      <![CDATA[account created]]>
    </system-out>
  </testcase> <!-- CreateAccount -->
  <testcase classname="myOwnPraticeOfSelenium.TestNG_PRIORITY" name="DeleteAc" time="0.002">
    <system-out>
      <![CDATA[account deleted]]>
    </system-out>
  </testcase> <!-- DeleteAc -->
  <system-out>
    <![CDATA[account created
account created
account deleted]]>
  </system-out>
</testsuite> <!-- myOwnPraticeOfSelenium.TestNG_PRIORITY -->
