<?xml version="1.0" encoding="UTF-8"?>
<!-- Generated by org.testng.reporters.JUnitReportReporter -->
<testsuite hostname="MANIBADRA" failures="0" tests="1" name="bike.ToLunchKawasaki" time="7.160" errors="0" timestamp="2024-04-09T23:16:47 IST" skipped="0">
  <testcase classname="bike.ToLunchKawasaki" name="KTM" time="7.160">
    <system-out>
      <![CDATA[Kawasaki got open]]>
    </system-out>
  </testcase> <!-- KTM -->
  <system-out>
    <![CDATA[Kawasaki got open
KTM got open]]>
  </system-out>
</testsuite> <!-- bike.ToLunchKawasaki -->
