<?xml version="1.0" encoding="UTF-8"?>
<!-- Generated by org.testng.reporters.JUnitReportReporter -->
<testsuite hostname="MANIBADRA" failures="0" tests="3" name="advanceSelenium.PriorityGiven" time="14.650" errors="0" timestamp="2024-07-26T13:19:57 IST" skipped="0">
  <testcase classname="advanceSelenium.PriorityGiven" name="baskinRobbins" time="5.616">
    <system-out>
      <![CDATA[BaskinRobbins got open]]>
    </system-out>
  </testcase> <!-- baskinRobbins -->
  <testcase classname="advanceSelenium.PriorityGiven" name="amazon" time="5.110">
    <system-out>
      <![CDATA[amazon got open]]>
    </system-out>
  </testcase> <!-- amazon -->
  <testcase classname="advanceSelenium.PriorityGiven" name="cricbuzz" time="3.924">
    <system-out>
      <![CDATA[crickbuzz got executed]]>
    </system-out>
  </testcase> <!-- cricbuzz -->
  <system-out>
    <![CDATA[BaskinRobbins got open
amazon got open
crickbuzz got executed]]>
  </system-out>
</testsuite> <!-- advanceSelenium.PriorityGiven -->
