<?xml version="1.0" encoding="UTF-8"?>
<!-- Generated by org.testng.reporters.JUnitReportReporter -->
<testsuite hostname="MANIBADRA" failures="0" tests="1" name="bike.ToLunchHero" time="19.409" errors="0" timestamp="2024-04-09T23:19:03 IST" skipped="0">
  <testcase classname="bike.ToLunchHero" name="Hero" time="19.409">
    <system-out>
      <![CDATA[hero got open]]>
    </system-out>
  </testcase> <!-- Hero -->
  <system-out>
    <![CDATA[KTM got open
hero got open]]>
  </system-out>
</testsuite> <!-- bike.ToLunchHero -->
