<?xml version="1.0" encoding="UTF-8"?>
<!-- Generated by org.testng.reporters.JUnitReportReporter -->
<testsuite hostname="MANIBADRA" failures="0" tests="3" name="dataProvider.ToLearnDataProvider" time="13.572" errors="0" timestamp="2024-07-17T13:19:31 IST" skipped="0">
  <testcase classname="dataProvider.ToLearnDataProvider" name="login" time="5.346"/>
  <testcase classname="dataProvider.ToLearnDataProvider" name="login" time="4.206"/>
  <testcase classname="dataProvider.ToLearnDataProvider" name="login" time="4.020"/>
</testsuite> <!-- dataProvider.ToLearnDataProvider -->
