<?xml version="1.0" encoding="UTF-8"?>
<!-- Generated by org.testng.reporters.JUnitReportReporter -->
<testsuite hostname="MANIBADRA" failures="0" tests="3" name="advanceSelenium.DependsOnMethods" time="0.012" errors="0" timestamp="2024-07-26T13:21:19 IST" skipped="0">
  <testcase classname="advanceSelenium.DependsOnMethods" name="createAccount" time="0.009">
    <system-out>
      <![CDATA[Account created successfully]]>
    </system-out>
  </testcase> <!-- createAccount -->
  <testcase classname="advanceSelenium.DependsOnMethods" name="deleteAccount" time="0.002">
    <system-out>
      <![CDATA[Account deleted successfully]]>
    </system-out>
  </testcase> <!-- deleteAccount -->
  <testcase classname="advanceSelenium.DependsOnMethods" name="editeAccount" time="0.001">
    <system-out>
      <![CDATA[Account edited successfully]]>
    </system-out>
  </testcase> <!-- editeAccount -->
  <system-out>
    <![CDATA[Account created successfully
Account edited successfully
Account deleted successfully]]>
  </system-out>
</testsuite> <!-- advanceSelenium.DependsOnMethods -->
