<?xml version="1.0" encoding="UTF-8"?>
<!-- Generated by org.testng.reporters.JUnitReportReporter -->
<testsuite hostname="MANIBADRA" failures="0" tests="2" name="advanceSeleniumE1.TC_DWT_002" time="17.918" errors="0" timestamp="2024-05-27T15:06:00 IST" skipped="0">
  <testcase classname="advanceSeleniumE1.TC_DWT_002" name="clickComputer" time="10.406">
    <system-out>
      <![CDATA[computer got open]]>
    </system-out>
  </testcase> <!-- clickComputer -->
  <testcase classname="advanceSeleniumE1.TC_DWT_002" name="logout" time="7.512">
    <system-out>
      <![CDATA[logged out seccessfully]]>
    </system-out>
  </testcase> <!-- logout -->
  <system-out>
    <![CDATA[broswer got open successfully
broswer got maximize successfully
navigated successfully to home page
logged out seccessfully
navigated successfully to home page
computer got open]]>
  </system-out>
</testsuite> <!-- advanceSeleniumE1.TC_DWT_002 -->
