<?xml version="1.0" encoding="UTF-8"?>
<!-- Generated by org.testng.reporters.JUnitReportReporter -->
<testsuite hostname="MANIBADRA" failures="0" tests="3" name="advanceSelenium.TastNg" time="15.359" errors="0" timestamp="2024-03-28T22:03:04 IST" skipped="0">
  <testcase classname="advanceSelenium.TastNg" name="amazon" time="7.239">
    <system-out>
      <![CDATA[amazon got open]]>
    </system-out>
  </testcase> <!-- amazon -->
  <testcase classname="advanceSelenium.TastNg" name="cricBuzz" time="4.244">
    <system-out>
      <![CDATA[crickbuzz got executed]]>
    </system-out>
  </testcase> <!-- cricBuzz -->
  <testcase classname="advanceSelenium.TastNg" name="baskinRobbins" time="3.876">
    <system-out>
      <![CDATA[BaskinRobbins got open]]>
    </system-out>
  </testcase> <!-- baskinRobbins -->
  <system-out>
    <![CDATA[amazon got open
BaskinRobbins got open
crickbuzz got executed]]>
  </system-out>
</testsuite> <!-- advanceSelenium.TastNg -->
