<?xml version="1.0" encoding="UTF-8"?>
<!-- Generated by org.testng.reporters.JUnitReportReporter -->
<testsuite hostname="MANIBADRA" failures="0" tests="1" name="apps.Flipkart" time="6.043" errors="0" timestamp="2024-03-29T13:36:43 IST" skipped="0">
  <testcase classname="apps.Flipkart" name="ToopenFlipkart" time="6.043">
    <system-out>
      <![CDATA[flipkart got open]]>
    </system-out>
  </testcase> <!-- ToopenFlipkart -->
  <system-out>
    <![CDATA[flipkart got open]]>
  </system-out>
</testsuite> <!-- apps.Flipkart -->
