<?xml version="1.0" encoding="UTF-8"?>
<!-- Generated by org.testng.reporters.JUnitReportReporter -->
<testsuite hostname="MANIBADRA" failures="0" tests="3" name="advanceSeleniumE1.HowTheSequenceOfTextNG" time="0.019" errors="0" timestamp="2024-07-20T11:23:23 IST" skipped="0">
  <testcase classname="advanceSeleniumE1.HowTheSequenceOfTextNG" name="TestCase" time="0.011">
    <system-out>
      <![CDATA[Testcase got execute]]>
    </system-out>
  </testcase> <!-- TestCase -->
  <testcase classname="advanceSeleniumE1.HowTheSequenceOfTextNG" name="TestCase1" time="0.005">
    <system-out>
      <![CDATA[Testcase got execute]]>
    </system-out>
  </testcase> <!-- TestCase1 -->
  <testcase classname="advanceSeleniumE1.HowTheSequenceOfTextNG" name="TestCase2" time="0.003">
    <system-out>
      <![CDATA[Testcase got execute]]>
    </system-out>
  </testcase> <!-- TestCase2 -->
  <system-out>
    <![CDATA[before Test got executed
before class got executed
before Method got executed
Testcase got execute
after method got executed
before Method got executed
Testcase got execute
after method got executed
before Method got executed
Testcase got execute
after method got executed
After class got executed
after test got executed
After Suite got executed]]>
  </system-out>
</testsuite> <!-- advanceSeleniumE1.HowTheSequenceOfTextNG -->
