<?xml version="1.0" encoding="UTF-8"?>
<!-- Generated by org.testng.reporters.JUnitReportReporter -->
<testsuite hostname="MANIBADRA" failures="0" tests="3" name="advanceSelenium.Enabled" time="14.545" errors="0" timestamp="2024-06-29T20:54:59 IST" skipped="1">
  <testcase classname="advanceSelenium.Enabled" name="cricBuzz" time="3.294">
    <system-out>
      <![CDATA[crickbuzz got executed]]>
    </system-out>
  </testcase> <!-- cricBuzz -->
  <testcase classname="advanceSelenium.Enabled" name="baskinRobbins" time="11.251">
    <system-out>
      <![CDATA[BaskinRobbins got open]]>
    </system-out>
  </testcase> <!-- baskinRobbins -->
  <testcase classname="advanceSelenium.Enabled" name="amazon">
    <skipped/>
  </testcase> <!-- amazon -->
  <system-out>
    <![CDATA[BaskinRobbins got open
crickbuzz got executed]]>
  </system-out>
</testsuite> <!-- advanceSelenium.Enabled -->
